<?xml version="1.0" encoding="UTF-8"?>
<testng-results ignored="0" total="1" passed="1" failed="0" skipped="0">
  <reporter-output>
  </reporter-output>
  <suite started-at="2022-02-20T19:53:41 IST" name="Suite" finished-at="2022-02-20T19:54:04 IST" duration-ms="22950">
    <groups>
    </groups>
    <test started-at="2022-02-20T19:53:41 IST" name="Test1" finished-at="2022-02-20T19:54:04 IST" duration-ms="22950">
      <class name="com.Test.Verify_login">
        <test-method is-config="true" signature="BS()[pri:0, instance:com.Test.Verify_login@1fa1cab1]" started-at="2022-02-20T19:53:40 IST" name="BS" finished-at="2022-02-20T19:53:41 IST" duration-ms="1032" status="PASS">
          <reporter-output>
          </reporter-output>
        </test-method> <!-- BS -->
        <test-method is-config="true" signature="LaunchBrowser(java.lang.String)[pri:0, instance:com.Test.Verify_login@1fa1cab1]" started-at="2022-02-20T19:53:41 IST" name="LaunchBrowser" finished-at="2022-02-20T19:53:49 IST" duration-ms="8084" status="PASS">
          <params>
            <param index="0">
              <value>
                <![CDATA[Chrome]]>
              </value>
            </param>
          </params>
          <reporter-output>
          </reporter-output>
        </test-method> <!-- LaunchBrowser -->
        <test-method signature="verify_login_tc_001()[pri:0, instance:com.Test.Verify_login@1fa1cab1]" started-at="2022-02-20T19:53:49 IST" name="verify_login_tc_001" finished-at="2022-02-20T19:53:50 IST" duration-ms="834" status="PASS">
          <reporter-output>
          </reporter-output>
        </test-method> <!-- verify_login_tc_001 -->
        <test-method is-config="true" signature="closeBrowser()[pri:0, instance:com.Test.Verify_login@1fa1cab1]" started-at="2022-02-20T19:54:03 IST" name="closeBrowser" finished-at="2022-02-20T19:54:04 IST" duration-ms="996" status="PASS">
          <reporter-output>
          </reporter-output>
        </test-method> <!-- closeBrowser -->
      </class> <!-- com.Test.Verify_login -->
    </test> <!-- Test1 -->
  </suite> <!-- Suite -->
</testng-results>
